<?xml version="1.0" encoding="UTF-8"?>
<!-- Generated by org.testng.reporters.JUnitXMLReporter -->
<testsuite ignored="0" hostname="DESKTOP-R1MABC5" failures="0" tests="4" name="Default test" time="7.872" errors="0" timestamp="2024-08-20T21:42:34 IST">
  <testcase classname="api.tests.UserTests" name="testPostUser" time="3.093"/>
  <testcase classname="api.tests.UserTests" name="testGetUser" time="1.146"/>
  <testcase classname="api.tests.UserTests" name="testUpdateUser" time="2.232"/>
  <testcase classname="api.tests.UserTests" name="deleteUser" time="1.12"/>
</testsuite> <!-- Default test -->
