<?xml version="1.0" encoding="UTF-8"?>
<!-- Generated by org.testng.reporters.JUnitXMLReporter -->
<testsuite ignored="0" hostname="DESKTOP-R1MABC5" failures="0" tests="4" name="Test" time="8.264" errors="0" timestamp="2024-08-31T22:50:17 IST">
  <testcase classname="api.tests.UserTests2" name="testPostUser" time="3.439"/>
  <testcase classname="api.tests.UserTests2" name="testGetUser" time="1.179"/>
  <testcase classname="api.tests.UserTests2" name="testUpdateUser" time="2.2"/>
  <testcase classname="api.tests.UserTests2" name="deleteUser" time="1.164"/>
</testsuite> <!-- Test -->
