<?xml version="1.0" encoding="UTF-8"?>
<testng-results ignored="0" total="4" passed="4" failed="0" skipped="0">
  <reporter-output>
  </reporter-output>
  <suite started-at="2024-08-31T22:50:08 IST" name="Suite" finished-at="2024-08-31T22:50:17 IST" duration-ms="8264">
    <groups>
    </groups>
    <test started-at="2024-08-31T22:50:08 IST" name="Test" finished-at="2024-08-31T22:50:17 IST" duration-ms="8264">
      <class name="api.tests.UserTests2">
        <test-method is-config="true" signature="setUpData()[pri:0, instance:api.tests.UserTests2@2f9f7dcf]" started-at="2024-08-31T22:50:08 IST" name="setUpData" finished-at="2024-08-31T22:50:09 IST" duration-ms="222" status="PASS">
          <reporter-output>
          </reporter-output>
        </test-method> <!-- setUpData -->
        <test-method signature="testPostUser()[pri:1, instance:api.tests.UserTests2@2f9f7dcf]" started-at="2024-08-31T22:50:09 IST" name="testPostUser" finished-at="2024-08-31T22:50:12 IST" duration-ms="3439" status="PASS">
          <reporter-output>
          </reporter-output>
        </test-method> <!-- testPostUser -->
        <test-method signature="testGetUser()[pri:2, instance:api.tests.UserTests2@2f9f7dcf]" started-at="2024-08-31T22:50:12 IST" name="testGetUser" finished-at="2024-08-31T22:50:13 IST" duration-ms="1179" status="PASS">
          <reporter-output>
          </reporter-output>
        </test-method> <!-- testGetUser -->
        <test-method signature="testUpdateUser()[pri:3, instance:api.tests.UserTests2@2f9f7dcf]" started-at="2024-08-31T22:50:13 IST" name="testUpdateUser" finished-at="2024-08-31T22:50:15 IST" duration-ms="2200" status="PASS">
          <reporter-output>
          </reporter-output>
        </test-method> <!-- testUpdateUser -->
        <test-method signature="deleteUser()[pri:4, instance:api.tests.UserTests2@2f9f7dcf]" started-at="2024-08-31T22:50:15 IST" name="deleteUser" finished-at="2024-08-31T22:50:17 IST" duration-ms="1164" status="PASS">
          <reporter-output>
          </reporter-output>
        </test-method> <!-- deleteUser -->
      </class> <!-- api.tests.UserTests2 -->
    </test> <!-- Test -->
  </suite> <!-- Suite -->
</testng-results>
